make all --print-data-base --no-builtin-variables --no-builtin-rules --question
# GNU Make 3.81
# Copyright (C) 2006  Free Software Foundation, Inc.
# This is free software; see the source for copying conditions.
# There is NO warranty; not even for MERCHANTABILITY or FITNESS FOR A
# PARTICULAR PURPOSE.

# This program built for i386-apple-darwin11.3.0

# Make data base, printed on Mon Aug 15 12:25:04 2022

# Variables

# automatic
<D = $(patsubst %/,%,$(dir $<))
# automatic
?F = $(notdir $?)
# makefile (from `Makefile', line 1)
BUILD_NAME = petapp
# environment
NVM_INC = /Users/branilce/.nvm/versions/node/v16.15.0/include/node
# automatic
?D = $(patsubst %/,%,$(dir $?))
# automatic
@D = $(patsubst %/,%,$(dir $@))
# automatic
@F = $(notdir $@)
# makefile
CURDIR := /Users/branilce/workspace/personal/personal-workspace/pet-server
# makefile
SHELL = /bin/sh
# environment
VSCODE_NLS_CONFIG = {"locale":"en-us","availableLanguages":{},"_languagePackSupport":true}
# environment
_ = /usr/bin/make
# makefile (from `Makefile', line 1)
MAKEFILE_LIST :=  Makefile
# environment
VSCODE_AMD_ENTRYPOINT = vs/workbench/api/node/extensionHostProcess
# environment
AUTOJUMP_SOURCED = 1
# environment
__CFBundleIdentifier = com.microsoft.VSCodeInsiders
# environment
VSCODE_CWD = /
# environment
GOPROXY = https://goproxy.cn/,direct
# environment
PATH = /Users/branilce/.local/share/fig/plugins/git-open:/Users/branilce/Library/pnpm:/Users/branilce/.nvm/versions/node/v16.15.0/bin:/Users/branilce/.oh-my-zsh/custom/plugins/git-open:/usr/local/bin:/usr/bin:/bin:/usr/sbin:/sbin:/usr/local/go/bin:/Library/Apple/usr/bin:/Users/branilce/.fig/bin:/Users/branilce/.local/bin:/Users/branilce/.local/share/fig/plugins/git-flow
# environment
LSCOLORS = Gxfxcxdxbxegedabagacad
# environment
PNPM_HOME = /Users/branilce/Library/pnpm
# environment
GOPATH = /Users/branilce/go
# environment
NVM_BIN = /Users/branilce/.nvm/versions/node/v16.15.0/bin
# environment
LaunchInstanceID = 071F7C14-B5BA-425B-8E87-FF608DCCAC90
# environment
ELECTRON_RUN_AS_NODE = 1
# default
 
make: *** No rule to make target `all'.  Stop.

.FEATURES := target-specific order-only second-expansion else-if archives jobserver check-symlink
# environment
SSH_AUTH_SOCK = /private/tmp/com.apple.launchd.MrVnGqiv9n/Listeners
# automatic
%F = $(notdir $%)
# environment
TTY = not a tty
# environment
YSU_VERSION = 1.7.3
# environment
FIG_PID = 6802
# environment
PWD = /Users/branilce/workspace/personal/personal-workspace/pet-server
# environment
ORIGINAL_XDG_CURRENT_DESKTOP = undefined
# environment
GOMODCACHE = /Users/branilce/go/pkg/mod
# environment
HOME = /Users/branilce
# default
MAKEFILEPATH := /Applications/Xcode.app/Contents/Developer/Makefiles
# environment
VSCODE_CODE_CACHE_PATH = /Users/branilce/Library/Application Support/Code - Insiders/CachedData/b0895f9fcc5b49587a2b187a92bbe6d7efae35fa
# environment
LOGNAME = branilce
# environment
APPLICATION_INSIGHTS_NO_DIAGNOSTIC_CHANNEL = true
# environment
NVM_CD_FLAGS = -q
# environment
ZSH = /Users/branilce/.oh-my-zsh
# environment
VSCODE_HANDLES_UNCAUGHT_ERRORS = true
# automatic
^D = $(patsubst %/,%,$(dir $^))
# environment
XPC_FLAGS = 0x0
# default
MAKE = $(MAKE_COMMAND)
# default
MAKECMDGOALS := all
# environment
SHLVL = 1
# default
MAKE_VERSION := 3.81
# environment
USER = branilce
# makefile
.DEFAULT_GOAL := build
# environment
LESS = -R
# automatic
%D = $(patsubst %/,%,$(dir $%))
# default
MAKE_COMMAND := /Applications/Xcode.app/Contents/Developer/usr/bin/make
# default
.VARIABLES := 
# environment
TMPDIR = /var/folders/zc/sx7vg5k90t3fkhr0y0263g300000gn/T/
# automatic
*F = $(notdir $*)
# environment
VSCODE_IPC_HOOK = /Users/branilce/Library/Application Support/Code - Insiders/1.71.0-insider-main.sock
# environment
MallocNanoZone = 0
# makefile
MAKEFLAGS = Rrqp
# environment
MFLAGS = -Rrqp
# automatic
*D = $(patsubst %/,%,$(dir $*))
# environment
NVM_DIR = /Users/branilce/.nvm
# environment
XPC_SERVICE_NAME = application.com.microsoft.VSCodeInsiders.13229654.13229660
# automatic
+D = $(patsubst %/,%,$(dir $+))
# automatic
+F = $(notdir $+)
# environment
__CF_USER_TEXT_ENCODING = 0x1F5:0x0:0x0
# environment
COMMAND_MODE = unix2003
# default
MAKEFILES := 
# automatic
<F = $(notdir $<)
# environment
PAGER = less
# environment
LC_ALL = C
# makefile (from `Makefile', line 6)
GOARCH = amd64 GOOS=window go build -o ${BUILD_NAME}-windows main.go
# environment
SECURITYSESSIONID = 186a5
# automatic
^F = $(notdir $^)
# default
SUFFIXES := 
# default
.INCLUDE_DIRS = /usr/local/include
# environment
MAKELEVEL := 0
# environment
AUTOJUMP_ERROR_PATH = /Users/branilce/Library/autojump/errors.log
# environment
LANG = C
# environment
VSCODE_PID = 6794
# variable set hash-table stats:
# Load=79/1024=8%, Rehash=0, Collisions=3/104=3%

# Pattern-specific Variable Values

# No pattern-specific variable values.

# Directories

# . (device 16777221, inode 12333199): 26 files, no impossibilities.

# 26 files, no impossibilities in 1 directories.

# Implicit Rules

# No implicit rules.

# Files

# Not a target:
all:
#  Command-line target.
#  Implicit rule search has been done.
#  File does not exist.
#  File has not been updated.
# variable set hash-table stats:
# Load=0/32=0%, Rehash=0, Collisions=0/0=0%

# Not a target:
.SUFFIXES:
#  Implicit rule search has not been done.
#  Modification time never checked.
#  File has not been updated.

# Not a target:
Makefile:
#  Implicit rule search has been done.
#  Last modified 2022-08-13 14:01:11
#  File has been updated.
#  Successfully updated.
# variable set hash-table stats:
# Load=0/32=0%, Rehash=0, Collisions=0/0=0%

build_run: build start
#  Implicit rule search has not been done.
#  Modification time never checked.
#  File has not been updated.

start:
#  Implicit rule search has not been done.
#  Modification time never checked.
#  File has not been updated.
#  commands to execute (from `Makefile', line 9):
	./${BUILD_NAME}
	

build:
#  Implicit rule search has not been done.
#  Modification time never checked.
#  File has not been updated.
#  commands to execute (from `Makefile', line 4):
	GOARCH=amd64 GOOS=darwin go build -o ${BUILD_NAME}-darwin main.go
	

docker-down:
#  Implicit rule search has not been done.
#  Modification time never checked.
#  File has not been updated.
#  commands to execute (from `Makefile', line 21):
	docker-compose down
	

dev:
#  Implicit rule search has not been done.
#  Modification time never checked.
#  File has not been updated.
#  commands to execute (from `Makefile', line 23):
	docker-compose up -d
	go run main.go
	

# Not a target:
main.go:
#  Implicit rule search has not been done.
#  Modification time never checked.
#  File has not been updated.

# Not a target:
.DEFAULT:
#  Implicit rule search has not been done.
#  Modification time never checked.
#  File has not been updated.

run: main.go
#  Implicit rule search has not been done.
#  Modification time never checked.
#  File has not been updated.
#  commands to execute (from `Makefile', line 27):
	nodemon --exec "go run" main.go
	

clean:
#  Implicit rule search has not been done.
#  Modification time never checked.
#  File has not been updated.
#  commands to execute (from `Makefile', line 14):
	go clean
	rm ${BUILD_NAME}-darwin ${BUILD_NAME}-linux ${BUILD_NAME}-windows
	

docker-upd:
#  Implicit rule search has not been done.
#  Modification time never checked.
#  File has not been updated.
#  commands to execute (from `Makefile', line 19):
	docker-compose up -d
	

# files hash-table stats:
# Load=13/1024=1%, Rehash=0, Collisions=1/28=4%
# VPATH Search Paths

# No `vpath' search paths.

# No general (`VPATH' variable) search path.

# # of strings in strcache: 1
# # of strcache buffers: 1
# strcache size: total = 4096 / max = 4096 / min = 4096 / avg = 4096
# strcache free: total = 4087 / max = 4087 / min = 4087 / avg = 4087

# Finished Make data base on Mon Aug 15 12:25:04 2022

 
